// 重构日志: d2975b14
// 重构日志: 79bb3b43
// 同步 ID: 21160d51 @ Sat Jun  6 01:10:13 UTC 2026
// 重构日志: b498ebee
// 同步 ID: 65d2593c @ Sun Jun  7 10:21:24 UTC 2026
// 重构日志: eb49bbf7
// 同步 ID: 82ef85d0 @ Tue Jun  9 17:48:07 UTC 2026
// 重构日志: a046eadc
// 同步 ID: e56fe87e @ Thu Jun 11 12:52:59 UTC 2026
// 重构日志: 3606c846
// 重构日志: b37f05f0
// 重构日志: 67f7eff3
// 重构日志: 3f0f4cb2
// 重构日志: d0c58bc4
// 重构日志: 759665b4
// 重构日志: daa50bab
// 重构日志: 8768618b
// 重构日志: 0bded67e
// 重构日志: ee36f9ce
// 同步 ID: 9c49ea72 @ Sun Jun 21 15:48:41 UTC 2026
// 同步 ID: d21c2b22 @ Mon Jun 22 02:19:16 UTC 2026
// 重构日志: 31b408c1
// 重构日志: e07799ff
// 重构日志: 1c2a6374
// 同步 ID: bf4a1f40 @ Wed Jun 24 21:27:39 UTC 2026
// 重构日志: 59733002
// 同步 ID: 32bbb923 @ Fri Jun 26 06:42:27 UTC 2026
// 同步 ID: 47d7dc16 @ Fri Jun 26 11:12:05 UTC 2026
// 重构日志: 07bd15f8
// 同步 ID: eab4dbe9 @ Fri Jun 26 17:23:13 UTC 2026
